{"timestamp":"2026-03-16T13:35:36.390Z","userId":"test-user","role":"operator","action":"exec","params":{"command":"echo test","cwd":"/Users/wylonyu/selfProjects/PrizmClaw"},"result":"failed","reason":"系统命令执行未启用。请在 .env 中设置 ENABLE_SYSTEM_EXEC=true。","sessionId":"test-session-1"}
{"timestamp":"2026-03-16T13:35:36.418Z","userId":"test-user","role":"operator","action":"exec","params":{"command":"echo test","cwd":"/Users/wylonyu/selfProjects/PrizmClaw"},"result":"failed","reason":"系统命令执行未启用。请在 .env 中设置 ENABLE_SYSTEM_EXEC=true。","sessionId":"test-session-2b"}
{"timestamp":"2026-03-16T13:35:36.426Z","userId":"test-user","role":"operator","action":"exec","params":{"command":"sudo ls"},"result":"pending_confirmation","reason":"High-risk keywords: sudo","sessionId":"test-session-3"}
{"timestamp":"2026-03-16T13:35:36.427Z","userId":"test-user","role":"operator","action":"commit","params":{"message":"test: add feature","force":false},"result":"success","reason":null,"sessionId":"test-session"}
{"timestamp":"2026-03-16T13:35:36.435Z","userId":"test-user","role":"operator","action":"commit","params":{"message":"test: add feature\n\nFeature: F-008","featureId":"F-008","force":false},"result":"success","reason":null,"sessionId":"test-session"}
{"timestamp":"2026-03-16T13:35:36.436Z","userId":"test-user","role":"operator","action":"commit","params":{"message":"test: add feature","force":false},"result":"denied","reason":"NOTHING_TO_COMMIT","sessionId":"test-session"}
{"timestamp":"2026-03-16T13:35:36.437Z","userId":"test-user","role":"operator","action":"commit","params":{"message":"test: add feature","force":true},"result":"success","reason":null,"sessionId":"test-session"}
{"timestamp":"2026-03-16T13:35:36.438Z","userId":"test-user","role":"operator","action":"commit:amend","params":{"message":"amended message","force":false},"result":"success","reason":null,"sessionId":"test-session"}
{"timestamp":"2026-03-16T13:35:36.439Z","userId":"test-user","role":"operator","action":"exec","params":{"command":"pwd","cwd":"/tmp"},"result":"failed","reason":"系统命令执行未启用。请在 .env 中设置 ENABLE_SYSTEM_EXEC=true。","sessionId":"test-session-4"}
{"timestamp":"2026-03-16T13:35:36.460Z","userId":"test-user","role":"operator","action":"exec","params":{"command":"echo test","cwd":"/Users/wylonyu/selfProjects/PrizmClaw"},"result":"failed","reason":"系统命令执行未启用。请在 .env 中设置 ENABLE_SYSTEM_EXEC=true。","sessionId":"test-session-5"}
{"timestamp":"2026-03-16T13:35:36.463Z","userId":"test-user","role":"operator","action":"exec","params":{"command":"sudo echo test"},"result":"pending_confirmation","reason":"High-risk keywords: sudo","sessionId":"test-session-6"}
{"timestamp":"2026-03-16T13:36:27.467Z","userId":"test-user","role":"operator","action":"exec","params":{"command":"echo test","cwd":"/Users/wylonyu/selfProjects/PrizmClaw"},"result":"failed","reason":"系统命令执行未启用。请在 .env 中设置 ENABLE_SYSTEM_EXEC=true。","sessionId":"test-session-1"}
{"timestamp":"2026-03-16T13:36:27.476Z","userId":"test-user","role":"operator","action":"exec","params":{"command":"echo test","cwd":"/Users/wylonyu/selfProjects/PrizmClaw"},"result":"failed","reason":"系统命令执行未启用。请在 .env 中设置 ENABLE_SYSTEM_EXEC=true。","sessionId":"test-session-2b"}
{"timestamp":"2026-03-16T13:36:27.479Z","userId":"test-user","role":"operator","action":"exec","params":{"command":"sudo ls"},"result":"pending_confirmation","reason":"High-risk keywords: sudo","sessionId":"test-session-3"}
{"timestamp":"2026-03-16T13:36:27.481Z","userId":"test-user","role":"operator","action":"exec","params":{"command":"pwd","cwd":"/tmp"},"result":"failed","reason":"系统命令执行未启用。请在 .env 中设置 ENABLE_SYSTEM_EXEC=true。","sessionId":"test-session-4"}
{"timestamp":"2026-03-16T13:36:27.485Z","userId":"test-user","role":"operator","action":"exec","params":{"command":"echo test","cwd":"/Users/wylonyu/selfProjects/PrizmClaw"},"result":"failed","reason":"系统命令执行未启用。请在 .env 中设置 ENABLE_SYSTEM_EXEC=true。","sessionId":"test-session-5"}
{"timestamp":"2026-03-16T13:36:27.488Z","userId":"test-user","role":"operator","action":"exec","params":{"command":"sudo echo test"},"result":"pending_confirmation","reason":"High-risk keywords: sudo","sessionId":"test-session-6"}
{"timestamp":"2026-03-16T13:36:27.493Z","userId":"test-user","role":"operator","action":"commit","params":{"message":"test: add feature","force":false},"result":"success","reason":null,"sessionId":"test-session"}
{"timestamp":"2026-03-16T13:36:27.503Z","userId":"test-user","role":"operator","action":"commit","params":{"message":"test: add feature\n\nFeature: F-008","featureId":"F-008","force":false},"result":"success","reason":null,"sessionId":"test-session"}
{"timestamp":"2026-03-16T13:36:27.507Z","userId":"test-user","role":"operator","action":"commit","params":{"message":"test: add feature","force":false},"result":"denied","reason":"NOTHING_TO_COMMIT","sessionId":"test-session"}
{"timestamp":"2026-03-16T13:36:27.509Z","userId":"test-user","role":"operator","action":"commit","params":{"message":"test: add feature","force":true},"result":"success","reason":null,"sessionId":"test-session"}
{"timestamp":"2026-03-16T13:36:27.510Z","userId":"test-user","role":"operator","action":"commit:amend","params":{"message":"amended message","force":false},"result":"success","reason":null,"sessionId":"test-session"}
